[16/Feb/2017 06:04:03] "GET /index/ HTTP/1.1" 200 156
Performing system checks...

System check identified no issues (0 silenced).

You have 13 unapplied migration(s). Your project may not work properly until you apply the migrations for app(s): admin, auth, contenttypes, sessions.
Run 'python manage.py migrate' to apply them.
February 16, 2017 - 06:02:17
Django version 1.10.5, using settings 'alex_blog.settings'
Starting development server at http://0.0.0.0:8000/
Quit the server with CONTROL-C.
Performing system checks...

System check identified no issues (0 silenced).

You have 13 unapplied migration(s). Your project may not work properly until you apply the migrations for app(s): admin, auth, contenttypes, sessions.
Run 'python manage.py migrate' to apply them.
February 16, 2017 - 06:17:00
Django version 1.10.5, using settings 'alex_blog.settings'
Starting development server at http://0.0.0.0:8000/
Quit the server with CONTROL-C.
[16/Feb/2017 06:27:46] "GET /index/ HTTP/1.1" 200 1671
[16/Feb/2017 06:27:46] "GET /static/bootstrap/js/bootstrap.min.js HTTP/1.1" 200 36816
[16/Feb/2017 06:27:46] "GET /static/bootstrap/js/jquery-3.1.0.min.js HTTP/1.1" 200 86351
[16/Feb/2017 06:27:46] "GET /static/bootstrap/css/bootstrap.min.css HTTP/1.1" 200 122540
[16/Feb/2017 06:31:04] "GET /index/ HTTP/1.1" 200 1765
[16/Feb/2017 06:31:04] "GET /static/bootstrap/css/main.css HTTP/1.1" 200 1303
[16/Feb/2017 06:33:11] "GET /index/ HTTP/1.1" 200 1874
[16/Feb/2017 06:34:48] "GET /index/ HTTP/1.1" 200 1670
[16/Feb/2017 06:59:35] "GET /index/ HTTP/1.1" 200 1670
Not Found: /favicon.ico
[16/Feb/2017 06:59:36] "GET /favicon.ico HTTP/1.1" 404 2051
Not Found: /http:/www.sbjudge1.com/azenv.php
[16/Feb/2017 07:58:05] "GET http://www.sbjudge1.com/azenv.php HTTP/1.1" 404 1699
